<?xml version="1.0" encoding="UTF-8"?>
<!-- Generated by org.testng.reporters.JUnitXMLReporter -->
<testsuite hostname="DESKTOP-KP126CT" ignored="0" name="Test" tests="2" failures="2" timestamp="20 Jul 2019 13:03:01 GMT" time="8.125" errors="0">
  <testcase name="run" time="7.967" classname="practise.SeleniumTest">
    <failure type="java.lang.AssertionError" message="expected [true] but found [false]">
      <![CDATA[java.lang.AssertionError: expected [true] but found [false]
at practise.SeleniumTest.run(SeleniumTest.java:24)
... Removed 29 stack frames]]>
    </failure>
  </testcase> <!-- run -->
  <testcase name="run" time="8.03" classname="practise.SeleniumTest">
    <failure type="java.lang.NullPointerException">
      <![CDATA[java.lang.NullPointerException
at Utilities.Base.takeScreenshot(Base.java:50)
at Utilities.Listeners.onTestFailure(Listeners.java:32)
... Removed 22 stack frames]]>
    </failure>
  </testcase> <!-- run -->
</testsuite> <!-- Test -->
