<?xml version="1.0" encoding="UTF-8"?>
<testng-results skipped="0" failed="0" ignored="0" total="1" passed="1">
  <reporter-output>
  </reporter-output>
  <suite name="Suite" duration-ms="4006" started-at="2019-07-20T12:53:08Z" finished-at="2019-07-20T12:53:12Z">
    <groups>
    </groups>
    <test name="Test" duration-ms="4006" started-at="2019-07-20T12:53:08Z" finished-at="2019-07-20T12:53:12Z">
      <class name="practise.SeleniumTest">
        <test-method status="PASS" signature="launch(java.lang.String)[pri:0, instance:practise.SeleniumTest@13a5bf6]" name="launch" is-config="true" duration-ms="7612" started-at="2019-07-20T12:53:00Z" finished-at="2019-07-20T12:53:08Z">
          <params>
            <param index="0">
              <value>
                <![CDATA[Chrome]]>
              </value>
            </param>
          </params>
          <reporter-output>
          </reporter-output>
        </test-method> <!-- launch -->
        <test-method status="PASS" signature="run()[pri:0, instance:practise.SeleniumTest@13a5bf6]" name="run" duration-ms="3853" started-at="2019-07-20T12:53:08Z" finished-at="2019-07-20T12:53:12Z">
          <reporter-output>
          </reporter-output>
        </test-method> <!-- run -->
      </class> <!-- practise.SeleniumTest -->
    </test> <!-- Test -->
  </suite> <!-- Suite -->
</testng-results>
